# JRE version: OpenJDK Runtime Environment (8.0_242-b01) (build 1.8.0_242-release-1644-b01)
# Java VM: OpenJDK 64-Bit Server VM (25.242-b01 mixed mode windows-amd64 compressed oops)
Heap:
 PSYoungGen      total 454656K, used 366511K [0x00000000e0000000, 0x00000000ffc00000, 0x0000000100000000)
  eden space 394240K, 85% used [0x00000000e0000000,0x00000000f4a90900,0x00000000f8100000)
  from space 60416K, 46% used [0x00000000fc100000,0x00000000fdc5b540,0x00000000ffc00000)
  to   space 62976K, 0% used [0x00000000f8100000,0x00000000f8100000,0x00000000fbe80000)
 ParOldGen       total 310784K, used 188802K [0x00000000a0000000, 0x00000000b2f80000, 0x00000000e0000000)
  object space 310784K, 60% used [0x00000000a0000000,0x00000000ab860a40,0x00000000b2f80000)
 Metaspace       used 132773K, capacity 142522K, committed 142720K, reserved 1173504K
  class space    used 17057K, capacity 18799K, committed 18816K, reserved 1048576K
GC Heap History (10 events):
Event: 9583.385 GC heap before
{Heap before GC invocations=49 (full 5):
 PSYoungGen      total 448512K, used 379584K [0x00000000e0000000, 0x00000000ffe80000, 0x0000000100000000)
  eden space 374272K, 100% used [0x00000000e0000000,0x00000000f6d80000,0x00000000f6d80000)
  from space 74240K, 7% used [0x00000000f6d80000,0x00000000f72b0000,0x00000000fb600000)
  to   space 73216K, 0% used [0x00000000fb700000,0x00000000fb700000,0x00000000ffe80000)
 ParOldGen       total 310784K, used 150963K [0x00000000a0000000, 0x00000000b2f80000, 0x00000000e0000000)
  object space 310784K, 48% used [0x00000000a0000000,0x00000000a936ccb0,0x00000000b2f80000)
 Metaspace       used 126642K, capacity 134310K, committed 134528K, reserved 1165312K
  class space    used 16200K, capacity 17597K, committed 17792K, reserved 1048576K
Event: 9583.400 GC heap after
Heap after GC invocations=49 (full 5):
 PSYoungGen      total 442368K, used 16467K [0x00000000e0000000, 0x00000000ff700000, 0x0000000100000000)
  eden space 376832K, 0% used [0x00000000e0000000,0x00000000e0000000,0x00000000f7000000)
  from space 65536K, 25% used [0x00000000fb700000,0x00000000fc714e80,0x00000000ff700000)
  to   space 69120K, 0% used [0x00000000f7000000,0x00000000f7000000,0x00000000fb380000)
 ParOldGen       total 310784K, used 154198K [0x00000000a0000000, 0x00000000b2f80000, 0x00000000e0000000)
  object space 310784K, 49% used [0x00000000a0000000,0x00000000a96959d0,0x00000000b2f80000)
 Metaspace       used 126642K, capacity 134310K, committed 134528K, reserved 1165312K
  class space    used 16200K, capacity 17597K, committed 17792K, reserved 1048576K
}
Event: 9584.294 GC heap before
{Heap before GC invocations=50 (full 5):
 PSYoungGen      total 442368K, used 393299K [0x00000000e0000000, 0x00000000ff700000, 0x0000000100000000)
  eden space 376832K, 100% used [0x00000000e0000000,0x00000000f7000000,0x00000000f7000000)
  from space 65536K, 25% used [0x00000000fb700000,0x00000000fc714e80,0x00000000ff700000)
  to   space 69120K, 0% used [0x00000000f7000000,0x00000000f7000000,0x00000000fb380000)
 ParOldGen       total 310784K, used 154198K [0x00000000a0000000, 0x00000000b2f80000, 0x00000000e0000000)
  object space 310784K, 49% used [0x00000000a0000000,0x00000000a96959d0,0x00000000b2f80000)
 Metaspace       used 126647K, capacity 134310K, committed 134528K, reserved 1165312K
  class space    used 16201K, capacity 17597K, committed 17792K, reserved 1048576K
Event: 9584.309 GC heap after
Heap after GC invocations=50 (full 5):
 PSYoungGen      total 445952K, used 1920K [0x00000000e0000000, 0x0000000100000000, 0x0000000100000000)
  eden space 376832K, 0% used [0x00000000e0000000,0x00000000e0000000,0x00000000f7000000)
  from space 69120K, 2% used [0x00000000f7000000,0x00000000f71e0000,0x00000000fb380000)
  to   space 68096K, 0% used [0x00000000fbd80000,0x00000000fbd80000,0x0000000100000000)
 ParOldGen       total 310784K, used 167004K [0x00000000a0000000, 0x00000000b2f80000, 0x00000000e0000000)
  object space 310784K, 53% used [0x00000000a0000000,0x00000000aa317248,0x00000000b2f80000)
 Metaspace       used 126647K, capacity 134310K, committed 134528K, reserved 1165312K
  class space    used 16201K, capacity 17597K, committed 17792K, reserved 1048576K
}
Event: 9693.243 GC heap before
{Heap before GC invocations=51 (full 5):
 PSYoungGen      total 445952K, used 378752K [0x00000000e0000000, 0x0000000100000000, 0x0000000100000000)
  eden space 376832K, 100% used [0x00000000e0000000,0x00000000f7000000,0x00000000f7000000)
  from space 69120K, 2% used [0x00000000f7000000,0x00000000f71e0000,0x00000000fb380000)
  to   space 68096K, 0% used [0x00000000fbd80000,0x00000000fbd80000,0x0000000100000000)
 ParOldGen       total 310784K, used 167004K [0x00000000a0000000, 0x00000000b2f80000, 0x00000000e0000000)
  object space 310784K, 53% used [0x00000000a0000000,0x00000000aa317248,0x00000000b2f80000)
 Metaspace       used 129100K, capacity 137200K, committed 137344K, reserved 1169408K
  class space    used 16515K, capacity 17985K, committed 18048K, reserved 1048576K
Event: 9693.258 GC heap after
Heap after GC invocations=51 (full 5):
 PSYoungGen      total 449024K, used 25886K [0x00000000e0000000, 0x00000000ffa00000, 0x0000000100000000)
  eden space 387072K, 0% used [0x00000000e0000000,0x00000000e0000000,0x00000000f7a00000)
  from space 61952K, 41% used [0x00000000fbd80000,0x00000000fd6c7b10,0x00000000ffa00000)
  to   space 65536K, 0% used [0x00000000f7a00000,0x00000000f7a00000,0x00000000fba00000)
 ParOldGen       total 310784K, used 167332K [0x00000000a0000000, 0x00000000b2f80000, 0x00000000e0000000)
  object space 310784K, 53% used [0x00000000a0000000,0x00000000aa369248,0x00000000b2f80000)
 Metaspace       used 129100K, capacity 137200K, committed 137344K, reserved 1169408K
  class space    used 16515K, capacity 17985K, committed 18048K, reserved 1048576K
}
Event: 9693.777 GC heap before
{Heap before GC invocations=52 (full 5):
 PSYoungGen      total 449024K, used 412958K [0x00000000e0000000, 0x00000000ffa00000, 0x0000000100000000)
  eden space 387072K, 100% used [0x00000000e0000000,0x00000000f7a00000,0x00000000f7a00000)
  from space 61952K, 41% used [0x00000000fbd80000,0x00000000fd6c7b10,0x00000000ffa00000)
  to   space 65536K, 0% used [0x00000000f7a00000,0x00000000f7a00000,0x00000000fba00000)
 ParOldGen       total 310784K, used 167332K [0x00000000a0000000, 0x00000000b2f80000, 0x00000000e0000000)
  object space 310784K, 53% used [0x00000000a0000000,0x00000000aa369248,0x00000000b2f80000)
 Metaspace       used 129107K, capacity 137200K, committed 137344K, reserved 1169408K
  class space    used 16516K, capacity 17985K, committed 18048K, reserved 1048576K
Event: 9693.792 GC heap after
Heap after GC invocations=52 (full 5):
 PSYoungGen      total 452608K, used 1984K [0x00000000e0000000, 0x0000000100000000, 0x0000000100000000)
  eden space 387072K, 0% used [0x00000000e0000000,0x00000000e0000000,0x00000000f7a00000)
  from space 65536K, 3% used [0x00000000f7a00000,0x00000000f7bf0000,0x00000000fba00000)
  to   space 64512K, 0% used [0x00000000fc100000,0x00000000fc100000,0x0000000100000000)
 ParOldGen       total 310784K, used 188458K [0x00000000a0000000, 0x00000000b2f80000, 0x00000000e0000000)
  object space 310784K, 60% used [0x00000000a0000000,0x00000000ab80aa40,0x00000000b2f80000)
 Metaspace       used 129107K, capacity 137200K, committed 137344K, reserved 1169408K
  class space    used 16516K, capacity 17985K, committed 18048K, reserved 1048576K
}
Event: 9778.648 GC heap before
{Heap before GC invocations=53 (full 5):
 PSYoungGen      total 452608K, used 389056K [0x00000000e0000000, 0x0000000100000000, 0x0000000100000000)
  eden space 387072K, 100% used [0x00000000e0000000,0x00000000f7a00000,0x00000000f7a00000)
  from space 65536K, 3% used [0x00000000f7a00000,0x00000000f7bf0000,0x00000000fba00000)
  to   space 64512K, 0% used [0x00000000fc100000,0x00000000fc100000,0x0000000100000000)
 ParOldGen       total 310784K, used 188458K [0x00000000a0000000, 0x00000000b2f80000, 0x00000000e0000000)
  object space 310784K, 60% used [0x00000000a0000000,0x00000000ab80aa40,0x00000000b2f80000)
 Metaspace       used 132656K, capacity 142442K, committed 142464K, reserved 1173504K
  class space    used 17040K, capacity 18795K, committed 18816K, reserved 1048576K
Event: 9778.666 GC heap after
Heap after GC invocations=53 (full 5):
 PSYoungGen      total 454656K, used 28013K [0x00000000e0000000, 0x00000000ffc00000, 0x0000000100000000)
  eden space 394240K, 0% used [0x00000000e0000000,0x00000000e0000000,0x00000000f8100000)
  from space 60416K, 46% used [0x00000000fc100000,0x00000000fdc5b540,0x00000000ffc00000)
  to   space 62976K, 0% used [0x00000000f8100000,0x00000000f8100000,0x00000000fbe80000)
 ParOldGen       total 310784K, used 188802K [0x00000000a0000000, 0x00000000b2f80000, 0x00000000e0000000)
  object space 310784K, 60% used [0x00000000a0000000,0x00000000ab860a40,0x00000000b2f80000)
 Metaspace       used 132656K, capacity 142442K, committed 142464K, reserved 1173504K
  class space    used 17040K, capacity 18795K, committed 18816K, reserved 1048576K
}

